<?xml version="1.0" encoding="UTF-8"?>
<!-- Generated by org.testng.reporters.JUnitXMLReporter -->
<testsuite hostname="DESKTOP-6TCML79" ignored="0" name="Test" tests="6" failures="0" timestamp="2020-11-22T04:46:27 PST" time="0.104" errors="0">
  <testcase name="logout" time="0.009" classname="mavenpractice.AppiumTest"/>
  <testcase name="mobilelogin" time="0.001" classname="mavenpractice.AppiumTest"/>
  <testcase name="jira" time="0.001" classname="mavenpractice.RestTest"/>
  <testcase name="work" time="0.003" classname="mavenpractice.RestTest"/>
  <testcase name="browser" time="0.002" classname="mavenpractice.seleniumTest"/>
  <testcase name="login" time="0.0" classname="mavenpractice.seleniumTest"/>
</testsuite> <!-- Test -->
