<?xml version="1.0" encoding="UTF-8"?>
<testng-results skipped="0" failed="0" ignored="0" total="6" passed="6">
  <reporter-output>
  </reporter-output>
  <suite name="Suite" duration-ms="104" started-at="2020-11-22T04:46:27 PST" finished-at="2020-11-22T04:46:27 PST">
    <groups>
    </groups>
    <test name="Test" duration-ms="104" started-at="2020-11-22T04:46:27 PST" finished-at="2020-11-22T04:46:27 PST">
      <class name="mavenpractice.seleniumTest">
        <test-method status="PASS" signature="browser()[pri:0, instance:mavenpractice.seleniumTest@100d6b1]" name="browser" duration-ms="2" started-at="2020-11-22T04:46:27 PST" finished-at="2020-11-22T04:46:27 PST">
          <reporter-output>
          </reporter-output>
        </test-method> <!-- browser -->
        <test-method status="PASS" signature="login()[pri:0, instance:mavenpractice.seleniumTest@100d6b1]" name="login" duration-ms="0" started-at="2020-11-22T04:46:27 PST" finished-at="2020-11-22T04:46:27 PST">
          <reporter-output>
          </reporter-output>
        </test-method> <!-- login -->
      </class> <!-- mavenpractice.seleniumTest -->
      <class name="mavenpractice.RestTest">
        <test-method status="PASS" signature="jira()[pri:0, instance:mavenpractice.RestTest@e92674]" name="jira" duration-ms="1" started-at="2020-11-22T04:46:27 PST" finished-at="2020-11-22T04:46:27 PST">
          <reporter-output>
          </reporter-output>
        </test-method> <!-- jira -->
        <test-method status="PASS" signature="work()[pri:0, instance:mavenpractice.RestTest@e92674]" name="work" duration-ms="3" started-at="2020-11-22T04:46:27 PST" finished-at="2020-11-22T04:46:27 PST">
          <reporter-output>
          </reporter-output>
        </test-method> <!-- work -->
      </class> <!-- mavenpractice.RestTest -->
      <class name="mavenpractice.AppiumTest">
        <test-method status="PASS" signature="logout()[pri:0, instance:mavenpractice.AppiumTest@85bdee]" name="logout" duration-ms="9" started-at="2020-11-22T04:46:27 PST" finished-at="2020-11-22T04:46:27 PST">
          <reporter-output>
          </reporter-output>
        </test-method> <!-- logout -->
        <test-method status="PASS" signature="mobilelogin()[pri:0, instance:mavenpractice.AppiumTest@85bdee]" name="mobilelogin" duration-ms="1" started-at="2020-11-22T04:46:27 PST" finished-at="2020-11-22T04:46:27 PST">
          <reporter-output>
          </reporter-output>
        </test-method> <!-- mobilelogin -->
      </class> <!-- mavenpractice.AppiumTest -->
    </test> <!-- Test -->
  </suite> <!-- Suite -->
</testng-results>
