<?xml version="1.0" encoding="UTF-8"?>
<testsuite xmlns:xsi="http://www.w3.org/2001/XMLSchema-instance" xsi:noNamespaceSchemaLocation="https://maven.apache.org/surefire/maven-surefire-plugin/xsd/surefire-test-report-3.0.xsd" version="3.0" name="TestSuite" time="3.075" tests="6" errors="0" skipped="0" failures="0">
  <properties>
[...]
</properties>
  <testcase name="logout" classname="mavenpractice.AppiumTest" time="0.02">
    <system-out><![CDATA[mobile logout
]]></system-out>
  </testcase>
  <testcase name="mobilelogin" classname="mavenpractice.AppiumTest" time="0.015">
    <system-out><![CDATA[mobile launched
]]></system-out>
  </testcase>
  <testcase name="jira" classname="mavenpractice.RestTest" time="0.09">
    <system-out><![CDATA[jira launched
]]></system-out>
  </testcase>
  <testcase name="work" classname="mavenpractice.RestTest" time="0.003">
    <system-out><![CDATA[rest api work launched
]]></system-out>
  </testcase>
  <testcase name="browser" classname="mavenpractice.seleniumTest" time="0.002">
    <system-out><![CDATA[browser launched
]]></system-out>
  </testcase>
  <testcase name="login" classname="mavenpractice.seleniumTest" time="0.004">
    <system-out><![CDATA[seleium logout successfully
]]></system-out>
  </testcase>
</testsuite>