<?xml version="1.0" encoding="UTF-8"?>
<testng-results skipped="0" failed="0" ignored="0" total="6" passed="6">
  <reporter-output>
  </reporter-output>
  <suite name="Suite" duration-ms="157" started-at="2020-11-08T11:45:53Z" finished-at="2020-11-08T11:45:53Z">
    <groups>
    </groups>
    <test name="Test" duration-ms="157" started-at="2020-11-08T11:45:53Z" finished-at="2020-11-08T11:45:53Z">
      <class name="mavenpractice.seleniumTest">
        <test-method status="PASS" signature="browser()[pri:0, instance:mavenpractice.seleniumTest@fc185]" name="browser" duration-ms="3" started-at="2020-11-08T03:45:53Z" finished-at="2020-11-08T03:45:53Z">
          <reporter-output>
          </reporter-output>
        </test-method> <!-- browser -->
        <test-method status="PASS" signature="login()[pri:0, instance:mavenpractice.seleniumTest@fc185]" name="login" duration-ms="5" started-at="2020-11-08T03:45:53Z" finished-at="2020-11-08T03:45:53Z">
          <reporter-output>
          </reporter-output>
        </test-method> <!-- login -->
      </class> <!-- mavenpractice.seleniumTest -->
      <class name="mavenpractice.RestTest">
        <test-method status="PASS" signature="jira()[pri:0, instance:mavenpractice.RestTest@82f6ef]" name="jira" duration-ms="4" started-at="2020-11-08T03:45:53Z" finished-at="2020-11-08T03:45:53Z">
          <reporter-output>
          </reporter-output>
        </test-method> <!-- jira -->
        <test-method status="PASS" signature="work()[pri:0, instance:mavenpractice.RestTest@82f6ef]" name="work" duration-ms="4" started-at="2020-11-08T03:45:53Z" finished-at="2020-11-08T03:45:53Z">
          <reporter-output>
          </reporter-output>
        </test-method> <!-- work -->
      </class> <!-- mavenpractice.RestTest -->
      <class name="mavenpractice.AppiumTest">
        <test-method status="PASS" signature="logout()[pri:0, instance:mavenpractice.AppiumTest@15eef3d]" name="logout" duration-ms="28" started-at="2020-11-08T03:45:53Z" finished-at="2020-11-08T03:45:53Z">
          <reporter-output>
          </reporter-output>
        </test-method> <!-- logout -->
        <test-method status="PASS" signature="mobilelogin()[pri:0, instance:mavenpractice.AppiumTest@15eef3d]" name="mobilelogin" duration-ms="2" started-at="2020-11-08T03:45:53Z" finished-at="2020-11-08T03:45:53Z">
          <reporter-output>
          </reporter-output>
        </test-method> <!-- mobilelogin -->
      </class> <!-- mavenpractice.AppiumTest -->
    </test> <!-- Test -->
  </suite> <!-- Suite -->
</testng-results>
